# Logfile created on 2017-01-28 21:59:25 +0100 by logger.rb/41954
I, [2017-01-28T21:59:25.487437 #35242]  INFO -- : 0:  public_suffix (2.0.5) from /Library/Ruby/Gems/2.0.0/specifications/public_suffix-2.0.5.gemspec
I, [2017-01-28T21:59:25.487879 #35242]  INFO -- : 0:  addressable (2.5.0) from /Library/Ruby/Gems/2.0.0/specifications/addressable-2.5.0.gemspec
I, [2017-01-28T21:59:25.488173 #35242]  INFO -- : 0:  colorator (1.1.0) from /Library/Ruby/Gems/2.0.0/specifications/colorator-1.1.0.gemspec
I, [2017-01-28T21:59:25.488442 #35242]  INFO -- : 0:  ffi (1.9.17) from /Library/Ruby/Gems/2.0.0/specifications/ffi-1.9.17.gemspec
I, [2017-01-28T21:59:25.488704 #35242]  INFO -- : 0:  forwardable-extended (2.6.0) from /Library/Ruby/Gems/2.0.0/specifications/forwardable-extended-2.6.0.gemspec
I, [2017-01-28T21:59:25.488954 #35242]  INFO -- : 0:  sass (3.4.23) from /Library/Ruby/Gems/2.0.0/specifications/sass-3.4.23.gemspec
I, [2017-01-28T21:59:25.489202 #35242]  INFO -- : 0:  jekyll-sass-converter (1.5.0) from /Library/Ruby/Gems/2.0.0/specifications/jekyll-sass-converter-1.5.0.gemspec
I, [2017-01-28T21:59:25.489451 #35242]  INFO -- : 0:  rb-fsevent (0.9.8) from /Library/Ruby/Gems/2.0.0/specifications/rb-fsevent-0.9.8.gemspec
I, [2017-01-28T21:59:25.489701 #35242]  INFO -- : 0:  rb-inotify (0.9.8) from /Library/Ruby/Gems/2.0.0/specifications/rb-inotify-0.9.8.gemspec
I, [2017-01-28T21:59:25.489948 #35242]  INFO -- : 0:  listen (3.0.8) from /Library/Ruby/Gems/2.0.0/specifications/listen-3.0.8.gemspec
I, [2017-01-28T21:59:25.490193 #35242]  INFO -- : 0:  jekyll-watch (1.5.0) from /Library/Ruby/Gems/2.0.0/specifications/jekyll-watch-1.5.0.gemspec
I, [2017-01-28T21:59:25.490423 #35242]  INFO -- : 0:  kramdown (1.13.2) from /Library/Ruby/Gems/2.0.0/specifications/kramdown-1.13.2.gemspec
I, [2017-01-28T21:59:25.490654 #35242]  INFO -- : 0:  liquid (3.0.6) from /Library/Ruby/Gems/2.0.0/specifications/liquid-3.0.6.gemspec
I, [2017-01-28T21:59:25.490882 #35242]  INFO -- : 0:  mercenary (0.3.6) from /Library/Ruby/Gems/2.0.0/specifications/mercenary-0.3.6.gemspec
I, [2017-01-28T21:59:25.491107 #35242]  INFO -- : 0:  pathutil (0.14.0) from /Library/Ruby/Gems/2.0.0/specifications/pathutil-0.14.0.gemspec
I, [2017-01-28T21:59:25.491388 #35242]  INFO -- : 0:  rouge (1.11.1) from /Library/Ruby/Gems/2.0.0/specifications/rouge-1.11.1.gemspec
I, [2017-01-28T21:59:25.491627 #35242]  INFO -- : 0:  safe_yaml (1.0.4) from /Library/Ruby/Gems/2.0.0/specifications/safe_yaml-1.0.4.gemspec
I, [2017-01-28T21:59:25.491854 #35242]  INFO -- : 0:  jekyll (3.4.0) from /Library/Ruby/Gems/2.0.0/specifications/jekyll-3.4.0.gemspec
I, [2017-01-28T21:59:25.492078 #35242]  INFO -- : 0:  jekyll-feed (0.8.0) from /Library/Ruby/Gems/2.0.0/specifications/jekyll-feed-0.8.0.gemspec
I, [2017-01-28T21:59:25.492300 #35242]  INFO -- : 0:  minima (2.1.0) from /Library/Ruby/Gems/2.0.0/specifications/minima-2.1.0.gemspec
I, [2017-01-28T21:59:25.492491 #35242]  INFO -- : 0:  bundler (1.5.1) from /Library/Ruby/Gems/2.0.0/specifications/bundler-1.5.1.gemspec
I, [2017-01-28T22:12:45.379729 #36098]  INFO -- : 0:  i18n (0.7.0) from /Library/Ruby/Gems/2.0.0/specifications/i18n-0.7.0.gemspec
I, [2017-01-28T22:12:48.484012 #36098]  INFO -- : 0:  json (1.8.6) from /Library/Ruby/Gems/2.0.0/specifications/json-1.8.6.gemspec
I, [2017-01-28T22:12:49.057337 #36098]  INFO -- : 0:  minitest (5.10.1) from /Library/Ruby/Gems/2.0.0/specifications/minitest-5.10.1.gemspec
I, [2017-01-28T22:12:49.731111 #36098]  INFO -- : 0:  thread_safe (0.3.5) from /Library/Ruby/Gems/2.0.0/specifications/thread_safe-0.3.5.gemspec
I, [2017-01-28T22:12:50.494072 #36098]  INFO -- : 0:  tzinfo (1.2.2) from /Library/Ruby/Gems/2.0.0/specifications/tzinfo-1.2.2.gemspec
I, [2017-01-28T22:12:51.850630 #36098]  INFO -- : 0:  activesupport (4.2.7) from /Library/Ruby/Gems/2.0.0/specifications/activesupport-4.2.7.gemspec
I, [2017-01-28T22:12:51.878007 #36098]  INFO -- : 0:  public_suffix (2.0.5) from /Library/Ruby/Gems/2.0.0/specifications/public_suffix-2.0.5.gemspec
I, [2017-01-28T22:12:51.878581 #36098]  INFO -- : 0:  addressable (2.5.0) from /Library/Ruby/Gems/2.0.0/specifications/addressable-2.5.0.gemspec
I, [2017-01-28T22:12:52.404185 #36098]  INFO -- : 0:  coffee-script-source (1.12.2) from /Library/Ruby/Gems/2.0.0/specifications/coffee-script-source-1.12.2.gemspec
I, [2017-01-28T22:12:52.772313 #36098]  INFO -- : 0:  execjs (2.7.0) from /Library/Ruby/Gems/2.0.0/specifications/execjs-2.7.0.gemspec
I, [2017-01-28T22:12:53.096349 #36098]  INFO -- : 0:  coffee-script (2.4.1) from /Library/Ruby/Gems/2.0.0/specifications/coffee-script-2.4.1.gemspec
I, [2017-01-28T22:12:53.099317 #36098]  INFO -- : 0:  colorator (1.1.0) from /Library/Ruby/Gems/2.0.0/specifications/colorator-1.1.0.gemspec
I, [2017-01-28T22:12:53.099696 #36098]  INFO -- : 0:  ffi (1.9.17) from /Library/Ruby/Gems/2.0.0/specifications/ffi-1.9.17.gemspec
I, [2017-01-28T22:12:53.732471 #36098]  INFO -- : 0:  ethon (0.10.1) from /Library/Ruby/Gems/2.0.0/specifications/ethon-0.10.1.gemspec
I, [2017-01-28T22:12:54.131204 #36098]  INFO -- : 0:  multipart-post (2.0.0) from /Library/Ruby/Gems/2.0.0/specifications/multipart-post-2.0.0.gemspec
I, [2017-01-28T22:12:54.607456 #36098]  INFO -- : 0:  faraday (0.11.0) from /Library/Ruby/Gems/2.0.0/specifications/faraday-0.11.0.gemspec
I, [2017-01-28T22:12:54.613989 #36098]  INFO -- : 0:  forwardable-extended (2.6.0) from /Library/Ruby/Gems/2.0.0/specifications/forwardable-extended-2.6.0.gemspec
I, [2017-01-28T22:13:03.658782 #36098]  INFO -- : 0:  gemoji (2.1.0) from /Library/Ruby/Gems/2.0.0/specifications/gemoji-2.1.0.gemspec
I, [2017-01-28T22:13:04.334463 #36098]  INFO -- : 0:  net-dns (0.8.0) from /Library/Ruby/Gems/2.0.0/specifications/net-dns-0.8.0.gemspec
I, [2017-01-28T22:13:04.715201 #36098]  INFO -- : 0:  sawyer (0.8.1) from /Library/Ruby/Gems/2.0.0/specifications/sawyer-0.8.1.gemspec
I, [2017-01-28T22:13:05.252742 #36098]  INFO -- : 0:  octokit (4.6.2) from /Library/Ruby/Gems/2.0.0/specifications/octokit-4.6.2.gemspec
I, [2017-01-28T22:13:05.973245 #36098]  INFO -- : 0:  typhoeus (0.8.0) from /Library/Ruby/Gems/2.0.0/specifications/typhoeus-0.8.0.gemspec
I, [2017-01-28T22:13:06.404681 #36098]  INFO -- : 0:  github-pages-health-check (1.3.0) from /Library/Ruby/Gems/2.0.0/specifications/github-pages-health-check-1.3.0.gemspec
I, [2017-01-28T22:13:06.411957 #36098]  INFO -- : 0:  sass (3.4.23) from /Library/Ruby/Gems/2.0.0/specifications/sass-3.4.23.gemspec
I, [2017-01-28T22:13:06.412386 #36098]  INFO -- : 0:  jekyll-sass-converter (1.5.0) from /Library/Ruby/Gems/2.0.0/specifications/jekyll-sass-converter-1.5.0.gemspec
I, [2017-01-28T22:13:06.412720 #36098]  INFO -- : 0:  rb-fsevent (0.9.8) from /Library/Ruby/Gems/2.0.0/specifications/rb-fsevent-0.9.8.gemspec
I, [2017-01-28T22:13:06.413023 #36098]  INFO -- : 0:  rb-inotify (0.9.8) from /Library/Ruby/Gems/2.0.0/specifications/rb-inotify-0.9.8.gemspec
I, [2017-01-28T22:13:06.882471 #36098]  INFO -- : 0:  listen (3.0.6) from /Library/Ruby/Gems/2.0.0/specifications/listen-3.0.6.gemspec
I, [2017-01-28T22:13:06.889413 #36098]  INFO -- : 0:  jekyll-watch (1.5.0) from /Library/Ruby/Gems/2.0.0/specifications/jekyll-watch-1.5.0.gemspec
I, [2017-01-28T22:13:08.341916 #36098]  INFO -- : 0:  kramdown (1.11.1) from /Library/Ruby/Gems/2.0.0/specifications/kramdown-1.11.1.gemspec
I, [2017-01-28T22:13:08.445386 #36098]  INFO -- : 0:  liquid (3.0.6) from /Library/Ruby/Gems/2.0.0/specifications/liquid-3.0.6.gemspec
I, [2017-01-28T22:13:08.445946 #36098]  INFO -- : 0:  mercenary (0.3.6) from /Library/Ruby/Gems/2.0.0/specifications/mercenary-0.3.6.gemspec
I, [2017-01-28T22:13:08.446457 #36098]  INFO -- : 0:  pathutil (0.14.0) from /Library/Ruby/Gems/2.0.0/specifications/pathutil-0.14.0.gemspec
I, [2017-01-28T22:13:08.447052 #36098]  INFO -- : 0:  rouge (1.11.1) from /Library/Ruby/Gems/2.0.0/specifications/rouge-1.11.1.gemspec
I, [2017-01-28T22:13:08.447588 #36098]  INFO -- : 0:  safe_yaml (1.0.4) from /Library/Ruby/Gems/2.0.0/specifications/safe_yaml-1.0.4.gemspec
I, [2017-01-28T22:13:09.201010 #36098]  INFO -- : 0:  jekyll (3.3.1) from /Library/Ruby/Gems/2.0.0/specifications/jekyll-3.3.1.gemspec
I, [2017-01-28T22:13:09.534030 #36098]  INFO -- : 0:  jekyll-avatar (0.4.2) from /Library/Ruby/Gems/2.0.0/specifications/jekyll-avatar-0.4.2.gemspec
I, [2017-01-28T22:13:10.071374 #36098]  INFO -- : 0:  jekyll-coffeescript (1.0.1) from /Library/Ruby/Gems/2.0.0/specifications/jekyll-coffeescript-1.0.1.gemspec
I, [2017-01-28T22:13:10.378840 #36098]  INFO -- : 0:  jekyll-default-layout (0.1.4) from /Library/Ruby/Gems/2.0.0/specifications/jekyll-default-layout-0.1.4.gemspec
I, [2017-01-28T22:13:10.381091 #36098]  INFO -- : 0:  jekyll-feed (0.8.0) from /Library/Ruby/Gems/2.0.0/specifications/jekyll-feed-0.8.0.gemspec
I, [2017-01-28T22:13:10.741715 #36098]  INFO -- : 0:  jekyll-gist (1.4.0) from /Library/Ruby/Gems/2.0.0/specifications/jekyll-gist-1.4.0.gemspec
I, [2017-01-28T22:13:11.106450 #36098]  INFO -- : 0:  jekyll-github-metadata (2.3.1) from /Library/Ruby/Gems/2.0.0/specifications/jekyll-github-metadata-2.3.1.gemspec
I, [2017-01-28T22:13:11.540908 #36098]  INFO -- : 0:  mini_portile2 (2.1.0) from /Library/Ruby/Gems/2.0.0/specifications/mini_portile2-2.1.0.gemspec
E, [2017-01-28T22:13:59.225824 #36098] ERROR -- : Gem::Installer::ExtensionBuildError: ERROR: Failed to build gem native extension.

    /System/Library/Frameworks/Ruby.framework/Versions/2.0/usr/bin/ruby extconf.rb 
checking if the C compiler accepts ... yes
checking if the C compiler accepts -Wno-error=unused-command-line-argument-hard-error-in-future... no
Building nokogiri using packaged libraries.
Using mini_portile version 2.1.0
checking for iconv.h... yes
checking for gzdopen() in -lz... yes
checking for iconv... yes
************************************************************************
IMPORTANT NOTICE:

Building Nokogiri with a packaged version of libxml2-2.9.4.

Team Nokogiri will keep on doing their best to provide security
updates in a timely manner, but if this is a concern for you and want
to use the system library instead; abort this installation process and
reinstall nokogiri as follows:

    gem install nokogiri -- --use-system-libraries
        [--with-xml2-config=/path/to/xml2-config]
        [--with-xslt-config=/path/to/xslt-config]

If you are using Bundler, tell it to use the option:

    bundle config build.nokogiri --use-system-libraries
    bundle install

Note, however, that nokogiri is not fully compatible with arbitrary
versions of libxml2 provided by OS/package vendors.
************************************************************************
Extracting libxml2-2.9.4.tar.gz into tmp/x86_64-apple-darwin16/ports/libxml2/2.9.4... OK
Running 'configure' for libxml2 2.9.4... OK
Running 'compile' for libxml2 2.9.4... ERROR, review '/Users/stawrul/.bundler/tmp/36098/gems/nokogiri-1.6.8.1/ext/nokogiri/tmp/x86_64-apple-darwin16/ports/libxml2/2.9.4/compile.log' to see what happened. Last lines are:
========================================================================
    unsigned short* in = (unsigned short*) inb;
                         ^~~~~~~~~~~~~~~~~~~~~
encoding.c:815:27: warning: cast from 'unsigned char *' to 'unsigned short *' increases required alignment from 1 to 2 [-Wcast-align]
    unsigned short* out = (unsigned short*) outb;
                          ^~~~~~~~~~~~~~~~~~~~~~
4 warnings generated.
  CC       error.lo
  CC       parserInternals.lo
  CC       parser.lo
  CC       tree.lo
  CC       hash.lo
  CC       list.lo
  CC       xmlIO.lo
xmlIO.c:1450:52: error: use of undeclared identifier 'LZMA_OK'
    ret =  (__libxml2_xzclose((xzFile) context) == LZMA_OK ) ? 0 : -1;
                                                   ^
1 error generated.
make[2]: *** [xmlIO.lo] Error 1
make[1]: *** [all-recursive] Error 1
make: *** [all] Error 2
========================================================================
*** extconf.rb failed ***
Could not create Makefile due to some reason, probably lack of necessary
libraries and/or headers.  Check the mkmf.log file for more details.  You may
need configuration options.

Provided configuration options:
	--with-opt-dir
	--without-opt-dir
	--with-opt-include
	--without-opt-include=${opt-dir}/include
	--with-opt-lib
	--without-opt-lib=${opt-dir}/lib
	--with-make-prog
	--without-make-prog
	--srcdir=.
	--curdir
	--ruby=/System/Library/Frameworks/Ruby.framework/Versions/2.0/usr/bin/ruby
	--help
	--clean
	--use-system-libraries
	--enable-static
	--disable-static
	--with-zlib-dir
	--without-zlib-dir
	--with-zlib-include
	--without-zlib-include=${zlib-dir}/include
	--with-zlib-lib
	--without-zlib-lib=${zlib-dir}/lib
	--enable-cross-build
	--disable-cross-build
/Library/Ruby/Gems/2.0.0/gems/mini_portile2-2.1.0/lib/mini_portile2/mini_portile.rb:366:in `block in execute': Failed to complete compile task (RuntimeError)
	from /Library/Ruby/Gems/2.0.0/gems/mini_portile2-2.1.0/lib/mini_portile2/mini_portile.rb:337:in `chdir'
	from /Library/Ruby/Gems/2.0.0/gems/mini_portile2-2.1.0/lib/mini_portile2/mini_portile.rb:337:in `execute'
	from /Library/Ruby/Gems/2.0.0/gems/mini_portile2-2.1.0/lib/mini_portile2/mini_portile.rb:111:in `compile'
	from /Library/Ruby/Gems/2.0.0/gems/mini_portile2-2.1.0/lib/mini_portile2/mini_portile.rb:150:in `cook'
	from extconf.rb:365:in `block (2 levels) in process_recipe'
	from extconf.rb:258:in `block in chdir_for_build'
	from extconf.rb:257:in `chdir'
	from extconf.rb:257:in `chdir_for_build'
	from extconf.rb:364:in `block in process_recipe'
	from extconf.rb:263:in `tap'
	from extconf.rb:263:in `process_recipe'
	from extconf.rb:556:in `<main>'


Gem files will remain installed in /Users/stawrul/.bundler/tmp/36098/gems/nokogiri-1.6.8.1 for inspection.
Results logged to /Users/stawrul/.bundler/tmp/36098/gems/nokogiri-1.6.8.1/ext/nokogiri/gem_make.out

/System/Library/Frameworks/Ruby.framework/Versions/2.0/usr/lib/ruby/2.0.0/rubygems/ext/builder.rb:62:in `run'  \n/System/Library/Frameworks/Ruby.framework/Versions/2.0/usr/lib/ruby/2.0.0/rubygems/ext/ext_conf_builder.rb:39:in `block in build'  \n/System/Library/Frameworks/Ruby.framework/Versions/2.0/usr/lib/ruby/2.0.0/tempfile.rb:324:in `open'  \n/System/Library/Frameworks/Ruby.framework/Versions/2.0/usr/lib/ruby/2.0.0/rubygems/ext/ext_conf_builder.rb:19:in `build'  \n/System/Library/Frameworks/Ruby.framework/Versions/2.0/usr/lib/ruby/2.0.0/rubygems/installer.rb:689:in `block (3 levels) in build_extensions'  \n/System/Library/Frameworks/Ruby.framework/Versions/2.0/usr/lib/ruby/2.0.0/rubygems/installer.rb:688:in `chdir'  \n/System/Library/Frameworks/Ruby.framework/Versions/2.0/usr/lib/ruby/2.0.0/rubygems/installer.rb:688:in `block (2 levels) in build_extensions'  \n/System/Library/Frameworks/Ruby.framework/Versions/2.0/usr/lib/ruby/2.0.0/rubygems/installer.rb:687:in `synchronize'  \n/System/Library/Frameworks/Ruby.framework/Versions/2.0/usr/lib/ruby/2.0.0/rubygems/installer.rb:687:in `block in build_extensions'  \n/System/Library/Frameworks/Ruby.framework/Versions/2.0/usr/lib/ruby/2.0.0/rubygems/installer.rb:662:in `each'  \n/System/Library/Frameworks/Ruby.framework/Versions/2.0/usr/lib/ruby/2.0.0/rubygems/installer.rb:662:in `build_extensions'  \n/System/Library/Frameworks/Ruby.framework/Versions/2.0/usr/lib/ruby/2.0.0/rubygems/installer.rb:227:in `install'  \n/Library/Ruby/Gems/2.0.0/gems/bundler-1.5.1/lib/bundler/source/rubygems.rb:101:in `block in install'  \n/Library/Ruby/Gems/2.0.0/gems/bundler-1.5.1/lib/bundler/rubygems_integration.rb:118:in `preserve_paths'  \n/Library/Ruby/Gems/2.0.0/gems/bundler-1.5.1/lib/bundler/source/rubygems.rb:94:in `install'  \n/Library/Ruby/Gems/2.0.0/gems/bundler-1.5.1/lib/bundler/installer.rb:111:in `block in install_gem_from_spec'  \n/Library/Ruby/Gems/2.0.0/gems/bundler-1.5.1/lib/bundler/rubygems_integration.rb:150:in `with_build_args'  \n/Library/Ruby/Gems/2.0.0/gems/bundler-1.5.1/lib/bundler/installer.rb:110:in `install_gem_from_spec'  \n/Library/Ruby/Gems/2.0.0/gems/bundler-1.5.1/lib/bundler/installer.rb:295:in `block in install_sequentially'  \n/System/Library/Frameworks/Ruby.framework/Versions/2.0/usr/lib/ruby/2.0.0/forwardable.rb:171:in `each'  \n/System/Library/Frameworks/Ruby.framework/Versions/2.0/usr/lib/ruby/2.0.0/forwardable.rb:171:in `each'  \n/Library/Ruby/Gems/2.0.0/gems/bundler-1.5.1/lib/bundler/installer.rb:294:in `install_sequentially'  \n/Library/Ruby/Gems/2.0.0/gems/bundler-1.5.1/lib/bundler/installer.rb:97:in `run'  \n/Library/Ruby/Gems/2.0.0/gems/bundler-1.5.1/lib/bundler/installer.rb:15:in `install'  \n/Library/Ruby/Gems/2.0.0/gems/bundler-1.5.1/lib/bundler/cli.rb:257:in `install'  \n/Library/Ruby/Gems/2.0.0/gems/bundler-1.5.1/lib/bundler/vendor/thor/command.rb:27:in `run'  \n/Library/Ruby/Gems/2.0.0/gems/bundler-1.5.1/lib/bundler/vendor/thor/invocation.rb:120:in `invoke_command'  \n/Library/Ruby/Gems/2.0.0/gems/bundler-1.5.1/lib/bundler/vendor/thor.rb:363:in `dispatch'  \n/Library/Ruby/Gems/2.0.0/gems/bundler-1.5.1/lib/bundler/vendor/thor/base.rb:438:in `start'  \n/Library/Ruby/Gems/2.0.0/gems/bundler-1.5.1/lib/bundler/cli.rb:10:in `start'  \n/Library/Ruby/Gems/2.0.0/gems/bundler-1.5.1/bin/bundle:22:in `block in <top (required)>'  \n/Library/Ruby/Gems/2.0.0/gems/bundler-1.5.1/lib/bundler/friendly_errors.rb:5:in `with_friendly_errors'  \n/Library/Ruby/Gems/2.0.0/gems/bundler-1.5.1/bin/bundle:22:in `<top (required)>'  \n/usr/local/bin/bundle:23:in `load'  \n/usr/local/bin/bundle:23:in `<main>'
I, [2017-01-28T22:15:21.148700 #40570]  INFO -- : 0:  i18n (0.7.0) from /Library/Ruby/Gems/2.0.0/specifications/i18n-0.7.0.gemspec
I, [2017-01-28T22:15:21.149172 #40570]  INFO -- : 0:  json (1.8.6) from /Library/Ruby/Gems/2.0.0/specifications/json-1.8.6.gemspec
I, [2017-01-28T22:15:21.149592 #40570]  INFO -- : 0:  minitest (5.10.1) from /Library/Ruby/Gems/2.0.0/specifications/minitest-5.10.1.gemspec
I, [2017-01-28T22:15:21.149915 #40570]  INFO -- : 0:  thread_safe (0.3.5) from /Library/Ruby/Gems/2.0.0/specifications/thread_safe-0.3.5.gemspec
I, [2017-01-28T22:15:21.150227 #40570]  INFO -- : 0:  tzinfo (1.2.2) from /Library/Ruby/Gems/2.0.0/specifications/tzinfo-1.2.2.gemspec
I, [2017-01-28T22:15:21.150570 #40570]  INFO -- : 0:  activesupport (4.2.7) from /Library/Ruby/Gems/2.0.0/specifications/activesupport-4.2.7.gemspec
I, [2017-01-28T22:15:21.150839 #40570]  INFO -- : 0:  public_suffix (2.0.5) from /Library/Ruby/Gems/2.0.0/specifications/public_suffix-2.0.5.gemspec
I, [2017-01-28T22:15:21.151103 #40570]  INFO -- : 0:  addressable (2.5.0) from /Library/Ruby/Gems/2.0.0/specifications/addressable-2.5.0.gemspec
I, [2017-01-28T22:15:21.151368 #40570]  INFO -- : 0:  coffee-script-source (1.12.2) from /Library/Ruby/Gems/2.0.0/specifications/coffee-script-source-1.12.2.gemspec
I, [2017-01-28T22:15:21.151597 #40570]  INFO -- : 0:  execjs (2.7.0) from /Library/Ruby/Gems/2.0.0/specifications/execjs-2.7.0.gemspec
I, [2017-01-28T22:15:21.151825 #40570]  INFO -- : 0:  coffee-script (2.4.1) from /Library/Ruby/Gems/2.0.0/specifications/coffee-script-2.4.1.gemspec
I, [2017-01-28T22:15:21.152061 #40570]  INFO -- : 0:  colorator (1.1.0) from /Library/Ruby/Gems/2.0.0/specifications/colorator-1.1.0.gemspec
I, [2017-01-28T22:15:21.152294 #40570]  INFO -- : 0:  ffi (1.9.17) from /Library/Ruby/Gems/2.0.0/specifications/ffi-1.9.17.gemspec
I, [2017-01-28T22:15:21.152521 #40570]  INFO -- : 0:  ethon (0.10.1) from /Library/Ruby/Gems/2.0.0/specifications/ethon-0.10.1.gemspec
I, [2017-01-28T22:15:21.152751 #40570]  INFO -- : 0:  multipart-post (2.0.0) from /Library/Ruby/Gems/2.0.0/specifications/multipart-post-2.0.0.gemspec
I, [2017-01-28T22:15:21.152981 #40570]  INFO -- : 0:  faraday (0.11.0) from /Library/Ruby/Gems/2.0.0/specifications/faraday-0.11.0.gemspec
I, [2017-01-28T22:15:21.153214 #40570]  INFO -- : 0:  forwardable-extended (2.6.0) from /Library/Ruby/Gems/2.0.0/specifications/forwardable-extended-2.6.0.gemspec
I, [2017-01-28T22:15:21.153441 #40570]  INFO -- : 0:  gemoji (2.1.0) from /Library/Ruby/Gems/2.0.0/specifications/gemoji-2.1.0.gemspec
I, [2017-01-28T22:15:21.153670 #40570]  INFO -- : 0:  net-dns (0.8.0) from /Library/Ruby/Gems/2.0.0/specifications/net-dns-0.8.0.gemspec
I, [2017-01-28T22:15:21.153899 #40570]  INFO -- : 0:  sawyer (0.8.1) from /Library/Ruby/Gems/2.0.0/specifications/sawyer-0.8.1.gemspec
I, [2017-01-28T22:15:21.154124 #40570]  INFO -- : 0:  octokit (4.6.2) from /Library/Ruby/Gems/2.0.0/specifications/octokit-4.6.2.gemspec
I, [2017-01-28T22:15:21.154349 #40570]  INFO -- : 0:  typhoeus (0.8.0) from /Library/Ruby/Gems/2.0.0/specifications/typhoeus-0.8.0.gemspec
I, [2017-01-28T22:15:21.154592 #40570]  INFO -- : 0:  github-pages-health-check (1.3.0) from /Library/Ruby/Gems/2.0.0/specifications/github-pages-health-check-1.3.0.gemspec
I, [2017-01-28T22:15:21.154818 #40570]  INFO -- : 0:  sass (3.4.23) from /Library/Ruby/Gems/2.0.0/specifications/sass-3.4.23.gemspec
I, [2017-01-28T22:15:21.155053 #40570]  INFO -- : 0:  jekyll-sass-converter (1.5.0) from /Library/Ruby/Gems/2.0.0/specifications/jekyll-sass-converter-1.5.0.gemspec
I, [2017-01-28T22:15:21.155343 #40570]  INFO -- : 0:  rb-fsevent (0.9.8) from /Library/Ruby/Gems/2.0.0/specifications/rb-fsevent-0.9.8.gemspec
I, [2017-01-28T22:15:21.155594 #40570]  INFO -- : 0:  rb-inotify (0.9.8) from /Library/Ruby/Gems/2.0.0/specifications/rb-inotify-0.9.8.gemspec
I, [2017-01-28T22:15:21.155952 #40570]  INFO -- : 0:  listen (3.0.6) from /Library/Ruby/Gems/2.0.0/specifications/listen-3.0.6.gemspec
I, [2017-01-28T22:15:21.156208 #40570]  INFO -- : 0:  jekyll-watch (1.5.0) from /Library/Ruby/Gems/2.0.0/specifications/jekyll-watch-1.5.0.gemspec
I, [2017-01-28T22:15:21.156464 #40570]  INFO -- : 0:  kramdown (1.11.1) from /Library/Ruby/Gems/2.0.0/specifications/kramdown-1.11.1.gemspec
I, [2017-01-28T22:15:21.156766 #40570]  INFO -- : 0:  liquid (3.0.6) from /Library/Ruby/Gems/2.0.0/specifications/liquid-3.0.6.gemspec
I, [2017-01-28T22:15:21.157041 #40570]  INFO -- : 0:  mercenary (0.3.6) from /Library/Ruby/Gems/2.0.0/specifications/mercenary-0.3.6.gemspec
I, [2017-01-28T22:15:21.157303 #40570]  INFO -- : 0:  pathutil (0.14.0) from /Library/Ruby/Gems/2.0.0/specifications/pathutil-0.14.0.gemspec
I, [2017-01-28T22:15:21.157558 #40570]  INFO -- : 0:  rouge (1.11.1) from /Library/Ruby/Gems/2.0.0/specifications/rouge-1.11.1.gemspec
I, [2017-01-28T22:15:21.157810 #40570]  INFO -- : 0:  safe_yaml (1.0.4) from /Library/Ruby/Gems/2.0.0/specifications/safe_yaml-1.0.4.gemspec
I, [2017-01-28T22:15:21.158072 #40570]  INFO -- : 0:  jekyll (3.3.1) from /Library/Ruby/Gems/2.0.0/specifications/jekyll-3.3.1.gemspec
I, [2017-01-28T22:15:21.158323 #40570]  INFO -- : 0:  jekyll-avatar (0.4.2) from /Library/Ruby/Gems/2.0.0/specifications/jekyll-avatar-0.4.2.gemspec
I, [2017-01-28T22:15:21.158577 #40570]  INFO -- : 0:  jekyll-coffeescript (1.0.1) from /Library/Ruby/Gems/2.0.0/specifications/jekyll-coffeescript-1.0.1.gemspec
I, [2017-01-28T22:15:21.158833 #40570]  INFO -- : 0:  jekyll-default-layout (0.1.4) from /Library/Ruby/Gems/2.0.0/specifications/jekyll-default-layout-0.1.4.gemspec
I, [2017-01-28T22:15:21.159075 #40570]  INFO -- : 0:  jekyll-feed (0.8.0) from /Library/Ruby/Gems/2.0.0/specifications/jekyll-feed-0.8.0.gemspec
I, [2017-01-28T22:15:21.159812 #40570]  INFO -- : 0:  jekyll-gist (1.4.0) from /Library/Ruby/Gems/2.0.0/specifications/jekyll-gist-1.4.0.gemspec
I, [2017-01-28T22:15:21.160069 #40570]  INFO -- : 0:  jekyll-github-metadata (2.3.1) from /Library/Ruby/Gems/2.0.0/specifications/jekyll-github-metadata-2.3.1.gemspec
I, [2017-01-28T22:15:21.160278 #40570]  INFO -- : 0:  mini_portile2 (2.1.0) from /Library/Ruby/Gems/2.0.0/specifications/mini_portile2-2.1.0.gemspec
E, [2017-01-28T22:15:43.875339 #40570] ERROR -- : Gem::Installer::ExtensionBuildError: ERROR: Failed to build gem native extension.

    /System/Library/Frameworks/Ruby.framework/Versions/2.0/usr/bin/ruby extconf.rb --use-system-libraries
checking if the C compiler accepts ... yes
checking if the C compiler accepts -Wno-error=unused-command-line-argument-hard-error-in-future... no
Building nokogiri using system libraries.
pkg-config could not be used to find libxml-2.0
Please install either `pkg-config` or the pkg-config gem per

    gem install pkg-config -v "~> 1.1.7"

pkg-config could not be used to find libxslt
Please install either `pkg-config` or the pkg-config gem per

    gem install pkg-config -v "~> 1.1.7"

pkg-config could not be used to find libexslt
Please install either `pkg-config` or the pkg-config gem per

    gem install pkg-config -v "~> 1.1.7"

ERROR: cannot discover where libxml2 is located on your system. please make sure `pkg-config` is installed.
*** extconf.rb failed ***
Could not create Makefile due to some reason, probably lack of necessary
libraries and/or headers.  Check the mkmf.log file for more details.  You may
need configuration options.

Provided configuration options:
	--with-opt-dir
	--without-opt-dir
	--with-opt-include
	--without-opt-include=${opt-dir}/include
	--with-opt-lib
	--without-opt-lib=${opt-dir}/lib
	--with-make-prog
	--without-make-prog
	--srcdir=.
	--curdir
	--ruby=/System/Library/Frameworks/Ruby.framework/Versions/2.0/usr/bin/ruby
	--help
	--clean
	--use-system-libraries
	--with-zlib-dir
	--without-zlib-dir
	--with-zlib-include
	--without-zlib-include=${zlib-dir}/include
	--with-zlib-lib
	--without-zlib-lib=${zlib-dir}/lib
	--with-xml2-dir
	--without-xml2-dir
	--with-xml2-include
	--without-xml2-include=${xml2-dir}/include
	--with-xml2-lib
	--without-xml2-lib=${xml2-dir}/lib
	--with-libxml-2.0-config
	--without-libxml-2.0-config
	--with-pkg-config
	--without-pkg-config
	--with-xslt-dir
	--without-xslt-dir
	--with-xslt-include
	--without-xslt-include=${xslt-dir}/include
	--with-xslt-lib
	--without-xslt-lib=${xslt-dir}/lib
	--with-libxslt-config
	--without-libxslt-config
	--with-exslt-dir
	--without-exslt-dir
	--with-exslt-include
	--without-exslt-include=${exslt-dir}/include
	--with-exslt-lib
	--without-exslt-lib=${exslt-dir}/lib
	--with-libexslt-config
	--without-libexslt-config


Gem files will remain installed in /Users/stawrul/.bundler/tmp/40570/gems/nokogiri-1.6.8.1 for inspection.
Results logged to /Users/stawrul/.bundler/tmp/40570/gems/nokogiri-1.6.8.1/ext/nokogiri/gem_make.out

/System/Library/Frameworks/Ruby.framework/Versions/2.0/usr/lib/ruby/2.0.0/rubygems/ext/builder.rb:62:in `run'  \n/System/Library/Frameworks/Ruby.framework/Versions/2.0/usr/lib/ruby/2.0.0/rubygems/ext/ext_conf_builder.rb:39:in `block in build'  \n/System/Library/Frameworks/Ruby.framework/Versions/2.0/usr/lib/ruby/2.0.0/tempfile.rb:324:in `open'  \n/System/Library/Frameworks/Ruby.framework/Versions/2.0/usr/lib/ruby/2.0.0/rubygems/ext/ext_conf_builder.rb:19:in `build'  \n/System/Library/Frameworks/Ruby.framework/Versions/2.0/usr/lib/ruby/2.0.0/rubygems/installer.rb:689:in `block (3 levels) in build_extensions'  \n/System/Library/Frameworks/Ruby.framework/Versions/2.0/usr/lib/ruby/2.0.0/rubygems/installer.rb:688:in `chdir'  \n/System/Library/Frameworks/Ruby.framework/Versions/2.0/usr/lib/ruby/2.0.0/rubygems/installer.rb:688:in `block (2 levels) in build_extensions'  \n/System/Library/Frameworks/Ruby.framework/Versions/2.0/usr/lib/ruby/2.0.0/rubygems/installer.rb:687:in `synchronize'  \n/System/Library/Frameworks/Ruby.framework/Versions/2.0/usr/lib/ruby/2.0.0/rubygems/installer.rb:687:in `block in build_extensions'  \n/System/Library/Frameworks/Ruby.framework/Versions/2.0/usr/lib/ruby/2.0.0/rubygems/installer.rb:662:in `each'  \n/System/Library/Frameworks/Ruby.framework/Versions/2.0/usr/lib/ruby/2.0.0/rubygems/installer.rb:662:in `build_extensions'  \n/System/Library/Frameworks/Ruby.framework/Versions/2.0/usr/lib/ruby/2.0.0/rubygems/installer.rb:227:in `install'  \n/Library/Ruby/Gems/2.0.0/gems/bundler-1.5.1/lib/bundler/source/rubygems.rb:101:in `block in install'  \n/Library/Ruby/Gems/2.0.0/gems/bundler-1.5.1/lib/bundler/rubygems_integration.rb:118:in `preserve_paths'  \n/Library/Ruby/Gems/2.0.0/gems/bundler-1.5.1/lib/bundler/source/rubygems.rb:94:in `install'  \n/Library/Ruby/Gems/2.0.0/gems/bundler-1.5.1/lib/bundler/installer.rb:111:in `block in install_gem_from_spec'  \n/Library/Ruby/Gems/2.0.0/gems/bundler-1.5.1/lib/bundler/rubygems_integration.rb:150:in `with_build_args'  \n/Library/Ruby/Gems/2.0.0/gems/bundler-1.5.1/lib/bundler/installer.rb:110:in `install_gem_from_spec'  \n/Library/Ruby/Gems/2.0.0/gems/bundler-1.5.1/lib/bundler/installer.rb:295:in `block in install_sequentially'  \n/System/Library/Frameworks/Ruby.framework/Versions/2.0/usr/lib/ruby/2.0.0/forwardable.rb:171:in `each'  \n/System/Library/Frameworks/Ruby.framework/Versions/2.0/usr/lib/ruby/2.0.0/forwardable.rb:171:in `each'  \n/Library/Ruby/Gems/2.0.0/gems/bundler-1.5.1/lib/bundler/installer.rb:294:in `install_sequentially'  \n/Library/Ruby/Gems/2.0.0/gems/bundler-1.5.1/lib/bundler/installer.rb:97:in `run'  \n/Library/Ruby/Gems/2.0.0/gems/bundler-1.5.1/lib/bundler/installer.rb:15:in `install'  \n/Library/Ruby/Gems/2.0.0/gems/bundler-1.5.1/lib/bundler/cli.rb:257:in `install'  \n/Library/Ruby/Gems/2.0.0/gems/bundler-1.5.1/lib/bundler/vendor/thor/command.rb:27:in `run'  \n/Library/Ruby/Gems/2.0.0/gems/bundler-1.5.1/lib/bundler/vendor/thor/invocation.rb:120:in `invoke_command'  \n/Library/Ruby/Gems/2.0.0/gems/bundler-1.5.1/lib/bundler/vendor/thor.rb:363:in `dispatch'  \n/Library/Ruby/Gems/2.0.0/gems/bundler-1.5.1/lib/bundler/vendor/thor/base.rb:438:in `start'  \n/Library/Ruby/Gems/2.0.0/gems/bundler-1.5.1/lib/bundler/cli.rb:10:in `start'  \n/Library/Ruby/Gems/2.0.0/gems/bundler-1.5.1/bin/bundle:22:in `block in <top (required)>'  \n/Library/Ruby/Gems/2.0.0/gems/bundler-1.5.1/lib/bundler/friendly_errors.rb:5:in `with_friendly_errors'  \n/Library/Ruby/Gems/2.0.0/gems/bundler-1.5.1/bin/bundle:22:in `<top (required)>'  \n/usr/local/bin/bundle:23:in `load'  \n/usr/local/bin/bundle:23:in `<main>'
I, [2017-01-28T22:17:29.098053 #40706]  INFO -- : 0:  i18n (0.7.0) from /Library/Ruby/Gems/2.0.0/specifications/i18n-0.7.0.gemspec
I, [2017-01-28T22:17:29.098445 #40706]  INFO -- : 0:  json (1.8.6) from /Library/Ruby/Gems/2.0.0/specifications/json-1.8.6.gemspec
I, [2017-01-28T22:17:29.098758 #40706]  INFO -- : 0:  minitest (5.10.1) from /Library/Ruby/Gems/2.0.0/specifications/minitest-5.10.1.gemspec
I, [2017-01-28T22:17:29.099020 #40706]  INFO -- : 0:  thread_safe (0.3.5) from /Library/Ruby/Gems/2.0.0/specifications/thread_safe-0.3.5.gemspec
I, [2017-01-28T22:17:29.099271 #40706]  INFO -- : 0:  tzinfo (1.2.2) from /Library/Ruby/Gems/2.0.0/specifications/tzinfo-1.2.2.gemspec
I, [2017-01-28T22:17:29.099522 #40706]  INFO -- : 0:  activesupport (4.2.7) from /Library/Ruby/Gems/2.0.0/specifications/activesupport-4.2.7.gemspec
I, [2017-01-28T22:17:29.099771 #40706]  INFO -- : 0:  public_suffix (2.0.5) from /Library/Ruby/Gems/2.0.0/specifications/public_suffix-2.0.5.gemspec
I, [2017-01-28T22:17:29.100015 #40706]  INFO -- : 0:  addressable (2.5.0) from /Library/Ruby/Gems/2.0.0/specifications/addressable-2.5.0.gemspec
I, [2017-01-28T22:17:29.100259 #40706]  INFO -- : 0:  coffee-script-source (1.12.2) from /Library/Ruby/Gems/2.0.0/specifications/coffee-script-source-1.12.2.gemspec
I, [2017-01-28T22:17:29.100501 #40706]  INFO -- : 0:  execjs (2.7.0) from /Library/Ruby/Gems/2.0.0/specifications/execjs-2.7.0.gemspec
I, [2017-01-28T22:17:29.100744 #40706]  INFO -- : 0:  coffee-script (2.4.1) from /Library/Ruby/Gems/2.0.0/specifications/coffee-script-2.4.1.gemspec
I, [2017-01-28T22:17:29.100986 #40706]  INFO -- : 0:  colorator (1.1.0) from /Library/Ruby/Gems/2.0.0/specifications/colorator-1.1.0.gemspec
I, [2017-01-28T22:17:29.101238 #40706]  INFO -- : 0:  ffi (1.9.17) from /Library/Ruby/Gems/2.0.0/specifications/ffi-1.9.17.gemspec
I, [2017-01-28T22:17:29.101517 #40706]  INFO -- : 0:  ethon (0.10.1) from /Library/Ruby/Gems/2.0.0/specifications/ethon-0.10.1.gemspec
I, [2017-01-28T22:17:29.101799 #40706]  INFO -- : 0:  multipart-post (2.0.0) from /Library/Ruby/Gems/2.0.0/specifications/multipart-post-2.0.0.gemspec
I, [2017-01-28T22:17:29.102146 #40706]  INFO -- : 0:  faraday (0.11.0) from /Library/Ruby/Gems/2.0.0/specifications/faraday-0.11.0.gemspec
I, [2017-01-28T22:17:29.102432 #40706]  INFO -- : 0:  forwardable-extended (2.6.0) from /Library/Ruby/Gems/2.0.0/specifications/forwardable-extended-2.6.0.gemspec
I, [2017-01-28T22:17:29.102689 #40706]  INFO -- : 0:  gemoji (2.1.0) from /Library/Ruby/Gems/2.0.0/specifications/gemoji-2.1.0.gemspec
I, [2017-01-28T22:17:29.102935 #40706]  INFO -- : 0:  net-dns (0.8.0) from /Library/Ruby/Gems/2.0.0/specifications/net-dns-0.8.0.gemspec
I, [2017-01-28T22:17:29.103179 #40706]  INFO -- : 0:  sawyer (0.8.1) from /Library/Ruby/Gems/2.0.0/specifications/sawyer-0.8.1.gemspec
I, [2017-01-28T22:17:29.103420 #40706]  INFO -- : 0:  octokit (4.6.2) from /Library/Ruby/Gems/2.0.0/specifications/octokit-4.6.2.gemspec
I, [2017-01-28T22:17:29.104017 #40706]  INFO -- : 0:  typhoeus (0.8.0) from /Library/Ruby/Gems/2.0.0/specifications/typhoeus-0.8.0.gemspec
I, [2017-01-28T22:17:29.104408 #40706]  INFO -- : 0:  github-pages-health-check (1.3.0) from /Library/Ruby/Gems/2.0.0/specifications/github-pages-health-check-1.3.0.gemspec
I, [2017-01-28T22:17:29.104748 #40706]  INFO -- : 0:  sass (3.4.23) from /Library/Ruby/Gems/2.0.0/specifications/sass-3.4.23.gemspec
I, [2017-01-28T22:17:29.105340 #40706]  INFO -- : 0:  jekyll-sass-converter (1.5.0) from /Library/Ruby/Gems/2.0.0/specifications/jekyll-sass-converter-1.5.0.gemspec
I, [2017-01-28T22:17:29.106083 #40706]  INFO -- : 0:  rb-fsevent (0.9.8) from /Library/Ruby/Gems/2.0.0/specifications/rb-fsevent-0.9.8.gemspec
I, [2017-01-28T22:17:29.106651 #40706]  INFO -- : 0:  rb-inotify (0.9.8) from /Library/Ruby/Gems/2.0.0/specifications/rb-inotify-0.9.8.gemspec
I, [2017-01-28T22:17:29.107041 #40706]  INFO -- : 0:  listen (3.0.6) from /Library/Ruby/Gems/2.0.0/specifications/listen-3.0.6.gemspec
I, [2017-01-28T22:17:29.107403 #40706]  INFO -- : 0:  jekyll-watch (1.5.0) from /Library/Ruby/Gems/2.0.0/specifications/jekyll-watch-1.5.0.gemspec
I, [2017-01-28T22:17:29.107764 #40706]  INFO -- : 0:  kramdown (1.11.1) from /Library/Ruby/Gems/2.0.0/specifications/kramdown-1.11.1.gemspec
I, [2017-01-28T22:17:29.108127 #40706]  INFO -- : 0:  liquid (3.0.6) from /Library/Ruby/Gems/2.0.0/specifications/liquid-3.0.6.gemspec
I, [2017-01-28T22:17:29.108479 #40706]  INFO -- : 0:  mercenary (0.3.6) from /Library/Ruby/Gems/2.0.0/specifications/mercenary-0.3.6.gemspec
I, [2017-01-28T22:17:29.108812 #40706]  INFO -- : 0:  pathutil (0.14.0) from /Library/Ruby/Gems/2.0.0/specifications/pathutil-0.14.0.gemspec
I, [2017-01-28T22:17:29.109118 #40706]  INFO -- : 0:  rouge (1.11.1) from /Library/Ruby/Gems/2.0.0/specifications/rouge-1.11.1.gemspec
I, [2017-01-28T22:17:29.109463 #40706]  INFO -- : 0:  safe_yaml (1.0.4) from /Library/Ruby/Gems/2.0.0/specifications/safe_yaml-1.0.4.gemspec
I, [2017-01-28T22:17:29.109848 #40706]  INFO -- : 0:  jekyll (3.3.1) from /Library/Ruby/Gems/2.0.0/specifications/jekyll-3.3.1.gemspec
I, [2017-01-28T22:17:29.110244 #40706]  INFO -- : 0:  jekyll-avatar (0.4.2) from /Library/Ruby/Gems/2.0.0/specifications/jekyll-avatar-0.4.2.gemspec
I, [2017-01-28T22:17:29.110625 #40706]  INFO -- : 0:  jekyll-coffeescript (1.0.1) from /Library/Ruby/Gems/2.0.0/specifications/jekyll-coffeescript-1.0.1.gemspec
I, [2017-01-28T22:17:29.111010 #40706]  INFO -- : 0:  jekyll-default-layout (0.1.4) from /Library/Ruby/Gems/2.0.0/specifications/jekyll-default-layout-0.1.4.gemspec
I, [2017-01-28T22:17:29.111385 #40706]  INFO -- : 0:  jekyll-feed (0.8.0) from /Library/Ruby/Gems/2.0.0/specifications/jekyll-feed-0.8.0.gemspec
I, [2017-01-28T22:17:29.111758 #40706]  INFO -- : 0:  jekyll-gist (1.4.0) from /Library/Ruby/Gems/2.0.0/specifications/jekyll-gist-1.4.0.gemspec
I, [2017-01-28T22:17:29.112119 #40706]  INFO -- : 0:  jekyll-github-metadata (2.3.1) from /Library/Ruby/Gems/2.0.0/specifications/jekyll-github-metadata-2.3.1.gemspec
I, [2017-01-28T22:17:29.112449 #40706]  INFO -- : 0:  mini_portile2 (2.1.0) from /Library/Ruby/Gems/2.0.0/specifications/mini_portile2-2.1.0.gemspec
E, [2017-01-28T22:18:00.659356 #40706] ERROR -- : Gem::Installer::ExtensionBuildError: ERROR: Failed to build gem native extension.

    /System/Library/Frameworks/Ruby.framework/Versions/2.0/usr/bin/ruby extconf.rb --use-system-libraries
checking if the C compiler accepts ... yes
checking if the C compiler accepts -Wno-error=unused-command-line-argument-hard-error-in-future... no
Building nokogiri using system libraries.
Using pkg-config gem version 1.1.7
checking for libxml-2.0... no
checking for libxslt... no
checking for libexslt... no
ERROR: cannot discover where libxml2 is located on your system. please make sure `pkg-config` is installed.
*** extconf.rb failed ***
Could not create Makefile due to some reason, probably lack of necessary
libraries and/or headers.  Check the mkmf.log file for more details.  You may
need configuration options.

Provided configuration options:
	--with-opt-dir
	--without-opt-dir
	--with-opt-include
	--without-opt-include=${opt-dir}/include
	--with-opt-lib
	--without-opt-lib=${opt-dir}/lib
	--with-make-prog
	--without-make-prog
	--srcdir=.
	--curdir
	--ruby=/System/Library/Frameworks/Ruby.framework/Versions/2.0/usr/bin/ruby
	--help
	--clean
	--use-system-libraries
	--with-zlib-dir
	--without-zlib-dir
	--with-zlib-include
	--without-zlib-include=${zlib-dir}/include
	--with-zlib-lib
	--without-zlib-lib=${zlib-dir}/lib
	--with-xml2-dir
	--without-xml2-dir
	--with-xml2-include
	--without-xml2-include=${xml2-dir}/include
	--with-xml2-lib
	--without-xml2-lib=${xml2-dir}/lib
	--with-libxml-2.0-config
	--without-libxml-2.0-config
	--with-pkg-config
	--without-pkg-config
	--with-pkg-config
	--without-pkg-config
	--with-override-variables
	--without-override-variables
	--with-xslt-dir
	--without-xslt-dir
	--with-xslt-include
	--without-xslt-include=${xslt-dir}/include
	--with-xslt-lib
	--without-xslt-lib=${xslt-dir}/lib
	--with-libxslt-config
	--without-libxslt-config
	--with-exslt-dir
	--without-exslt-dir
	--with-exslt-include
	--without-exslt-include=${exslt-dir}/include
	--with-exslt-lib
	--without-exslt-lib=${exslt-dir}/lib
	--with-libexslt-config
	--without-libexslt-config


Gem files will remain installed in /Users/stawrul/.bundler/tmp/40706/gems/nokogiri-1.6.8.1 for inspection.
Results logged to /Users/stawrul/.bundler/tmp/40706/gems/nokogiri-1.6.8.1/ext/nokogiri/gem_make.out

/System/Library/Frameworks/Ruby.framework/Versions/2.0/usr/lib/ruby/2.0.0/rubygems/ext/builder.rb:62:in `run'  \n/System/Library/Frameworks/Ruby.framework/Versions/2.0/usr/lib/ruby/2.0.0/rubygems/ext/ext_conf_builder.rb:39:in `block in build'  \n/System/Library/Frameworks/Ruby.framework/Versions/2.0/usr/lib/ruby/2.0.0/tempfile.rb:324:in `open'  \n/System/Library/Frameworks/Ruby.framework/Versions/2.0/usr/lib/ruby/2.0.0/rubygems/ext/ext_conf_builder.rb:19:in `build'  \n/System/Library/Frameworks/Ruby.framework/Versions/2.0/usr/lib/ruby/2.0.0/rubygems/installer.rb:689:in `block (3 levels) in build_extensions'  \n/System/Library/Frameworks/Ruby.framework/Versions/2.0/usr/lib/ruby/2.0.0/rubygems/installer.rb:688:in `chdir'  \n/System/Library/Frameworks/Ruby.framework/Versions/2.0/usr/lib/ruby/2.0.0/rubygems/installer.rb:688:in `block (2 levels) in build_extensions'  \n/System/Library/Frameworks/Ruby.framework/Versions/2.0/usr/lib/ruby/2.0.0/rubygems/installer.rb:687:in `synchronize'  \n/System/Library/Frameworks/Ruby.framework/Versions/2.0/usr/lib/ruby/2.0.0/rubygems/installer.rb:687:in `block in build_extensions'  \n/System/Library/Frameworks/Ruby.framework/Versions/2.0/usr/lib/ruby/2.0.0/rubygems/installer.rb:662:in `each'  \n/System/Library/Frameworks/Ruby.framework/Versions/2.0/usr/lib/ruby/2.0.0/rubygems/installer.rb:662:in `build_extensions'  \n/System/Library/Frameworks/Ruby.framework/Versions/2.0/usr/lib/ruby/2.0.0/rubygems/installer.rb:227:in `install'  \n/Library/Ruby/Gems/2.0.0/gems/bundler-1.5.1/lib/bundler/source/rubygems.rb:101:in `block in install'  \n/Library/Ruby/Gems/2.0.0/gems/bundler-1.5.1/lib/bundler/rubygems_integration.rb:118:in `preserve_paths'  \n/Library/Ruby/Gems/2.0.0/gems/bundler-1.5.1/lib/bundler/source/rubygems.rb:94:in `install'  \n/Library/Ruby/Gems/2.0.0/gems/bundler-1.5.1/lib/bundler/installer.rb:111:in `block in install_gem_from_spec'  \n/Library/Ruby/Gems/2.0.0/gems/bundler-1.5.1/lib/bundler/rubygems_integration.rb:150:in `with_build_args'  \n/Library/Ruby/Gems/2.0.0/gems/bundler-1.5.1/lib/bundler/installer.rb:110:in `install_gem_from_spec'  \n/Library/Ruby/Gems/2.0.0/gems/bundler-1.5.1/lib/bundler/installer.rb:295:in `block in install_sequentially'  \n/System/Library/Frameworks/Ruby.framework/Versions/2.0/usr/lib/ruby/2.0.0/forwardable.rb:171:in `each'  \n/System/Library/Frameworks/Ruby.framework/Versions/2.0/usr/lib/ruby/2.0.0/forwardable.rb:171:in `each'  \n/Library/Ruby/Gems/2.0.0/gems/bundler-1.5.1/lib/bundler/installer.rb:294:in `install_sequentially'  \n/Library/Ruby/Gems/2.0.0/gems/bundler-1.5.1/lib/bundler/installer.rb:97:in `run'  \n/Library/Ruby/Gems/2.0.0/gems/bundler-1.5.1/lib/bundler/installer.rb:15:in `install'  \n/Library/Ruby/Gems/2.0.0/gems/bundler-1.5.1/lib/bundler/cli.rb:257:in `install'  \n/Library/Ruby/Gems/2.0.0/gems/bundler-1.5.1/lib/bundler/vendor/thor/command.rb:27:in `run'  \n/Library/Ruby/Gems/2.0.0/gems/bundler-1.5.1/lib/bundler/vendor/thor/invocation.rb:120:in `invoke_command'  \n/Library/Ruby/Gems/2.0.0/gems/bundler-1.5.1/lib/bundler/vendor/thor.rb:363:in `dispatch'  \n/Library/Ruby/Gems/2.0.0/gems/bundler-1.5.1/lib/bundler/vendor/thor/base.rb:438:in `start'  \n/Library/Ruby/Gems/2.0.0/gems/bundler-1.5.1/lib/bundler/cli.rb:10:in `start'  \n/Library/Ruby/Gems/2.0.0/gems/bundler-1.5.1/bin/bundle:22:in `block in <top (required)>'  \n/Library/Ruby/Gems/2.0.0/gems/bundler-1.5.1/lib/bundler/friendly_errors.rb:5:in `with_friendly_errors'  \n/Library/Ruby/Gems/2.0.0/gems/bundler-1.5.1/bin/bundle:22:in `<top (required)>'  \n/usr/local/bin/bundle:23:in `load'  \n/usr/local/bin/bundle:23:in `<main>'
I, [2017-01-28T22:32:24.057689 #45566]  INFO -- : 0:  i18n (0.7.0) from /Library/Ruby/Gems/2.0.0/specifications/i18n-0.7.0.gemspec
I, [2017-01-28T22:32:24.059315 #45566]  INFO -- : 0:  json (1.8.6) from /Library/Ruby/Gems/2.0.0/specifications/json-1.8.6.gemspec
I, [2017-01-28T22:32:24.059674 #45566]  INFO -- : 0:  minitest (5.10.1) from /Library/Ruby/Gems/2.0.0/specifications/minitest-5.10.1.gemspec
I, [2017-01-28T22:32:24.060009 #45566]  INFO -- : 0:  thread_safe (0.3.5) from /Library/Ruby/Gems/2.0.0/specifications/thread_safe-0.3.5.gemspec
I, [2017-01-28T22:32:24.060318 #45566]  INFO -- : 0:  tzinfo (1.2.2) from /Library/Ruby/Gems/2.0.0/specifications/tzinfo-1.2.2.gemspec
I, [2017-01-28T22:32:24.060620 #45566]  INFO -- : 0:  activesupport (4.2.7) from /Library/Ruby/Gems/2.0.0/specifications/activesupport-4.2.7.gemspec
I, [2017-01-28T22:32:24.060906 #45566]  INFO -- : 0:  public_suffix (2.0.5) from /Library/Ruby/Gems/2.0.0/specifications/public_suffix-2.0.5.gemspec
I, [2017-01-28T22:32:24.061184 #45566]  INFO -- : 0:  addressable (2.5.0) from /Library/Ruby/Gems/2.0.0/specifications/addressable-2.5.0.gemspec
I, [2017-01-28T22:32:24.061464 #45566]  INFO -- : 0:  coffee-script-source (1.12.2) from /Library/Ruby/Gems/2.0.0/specifications/coffee-script-source-1.12.2.gemspec
I, [2017-01-28T22:32:24.061715 #45566]  INFO -- : 0:  execjs (2.7.0) from /Library/Ruby/Gems/2.0.0/specifications/execjs-2.7.0.gemspec
I, [2017-01-28T22:32:24.062060 #45566]  INFO -- : 0:  coffee-script (2.4.1) from /Library/Ruby/Gems/2.0.0/specifications/coffee-script-2.4.1.gemspec
I, [2017-01-28T22:32:24.062329 #45566]  INFO -- : 0:  colorator (1.1.0) from /Library/Ruby/Gems/2.0.0/specifications/colorator-1.1.0.gemspec
I, [2017-01-28T22:32:24.062579 #45566]  INFO -- : 0:  ffi (1.9.17) from /Library/Ruby/Gems/2.0.0/specifications/ffi-1.9.17.gemspec
I, [2017-01-28T22:32:24.062840 #45566]  INFO -- : 0:  ethon (0.10.1) from /Library/Ruby/Gems/2.0.0/specifications/ethon-0.10.1.gemspec
I, [2017-01-28T22:32:24.063110 #45566]  INFO -- : 0:  multipart-post (2.0.0) from /Library/Ruby/Gems/2.0.0/specifications/multipart-post-2.0.0.gemspec
I, [2017-01-28T22:32:24.063396 #45566]  INFO -- : 0:  faraday (0.11.0) from /Library/Ruby/Gems/2.0.0/specifications/faraday-0.11.0.gemspec
I, [2017-01-28T22:32:24.063646 #45566]  INFO -- : 0:  forwardable-extended (2.6.0) from /Library/Ruby/Gems/2.0.0/specifications/forwardable-extended-2.6.0.gemspec
I, [2017-01-28T22:32:24.063890 #45566]  INFO -- : 0:  gemoji (2.1.0) from /Library/Ruby/Gems/2.0.0/specifications/gemoji-2.1.0.gemspec
I, [2017-01-28T22:32:24.064131 #45566]  INFO -- : 0:  net-dns (0.8.0) from /Library/Ruby/Gems/2.0.0/specifications/net-dns-0.8.0.gemspec
I, [2017-01-28T22:32:24.064367 #45566]  INFO -- : 0:  sawyer (0.8.1) from /Library/Ruby/Gems/2.0.0/specifications/sawyer-0.8.1.gemspec
I, [2017-01-28T22:32:24.064667 #45566]  INFO -- : 0:  octokit (4.6.2) from /Library/Ruby/Gems/2.0.0/specifications/octokit-4.6.2.gemspec
I, [2017-01-28T22:32:24.064950 #45566]  INFO -- : 0:  typhoeus (0.8.0) from /Library/Ruby/Gems/2.0.0/specifications/typhoeus-0.8.0.gemspec
I, [2017-01-28T22:32:24.065217 #45566]  INFO -- : 0:  github-pages-health-check (1.3.0) from /Library/Ruby/Gems/2.0.0/specifications/github-pages-health-check-1.3.0.gemspec
I, [2017-01-28T22:32:24.065464 #45566]  INFO -- : 0:  sass (3.4.23) from /Library/Ruby/Gems/2.0.0/specifications/sass-3.4.23.gemspec
I, [2017-01-28T22:32:24.065717 #45566]  INFO -- : 0:  jekyll-sass-converter (1.5.0) from /Library/Ruby/Gems/2.0.0/specifications/jekyll-sass-converter-1.5.0.gemspec
I, [2017-01-28T22:32:24.066023 #45566]  INFO -- : 0:  rb-fsevent (0.9.8) from /Library/Ruby/Gems/2.0.0/specifications/rb-fsevent-0.9.8.gemspec
I, [2017-01-28T22:32:24.066260 #45566]  INFO -- : 0:  rb-inotify (0.9.8) from /Library/Ruby/Gems/2.0.0/specifications/rb-inotify-0.9.8.gemspec
I, [2017-01-28T22:32:24.066502 #45566]  INFO -- : 0:  listen (3.0.6) from /Library/Ruby/Gems/2.0.0/specifications/listen-3.0.6.gemspec
I, [2017-01-28T22:32:24.066832 #45566]  INFO -- : 0:  jekyll-watch (1.5.0) from /Library/Ruby/Gems/2.0.0/specifications/jekyll-watch-1.5.0.gemspec
I, [2017-01-28T22:32:24.067406 #45566]  INFO -- : 0:  kramdown (1.11.1) from /Library/Ruby/Gems/2.0.0/specifications/kramdown-1.11.1.gemspec
I, [2017-01-28T22:32:24.067951 #45566]  INFO -- : 0:  liquid (3.0.6) from /Library/Ruby/Gems/2.0.0/specifications/liquid-3.0.6.gemspec
I, [2017-01-28T22:32:24.068358 #45566]  INFO -- : 0:  mercenary (0.3.6) from /Library/Ruby/Gems/2.0.0/specifications/mercenary-0.3.6.gemspec
I, [2017-01-28T22:32:24.068830 #45566]  INFO -- : 0:  pathutil (0.14.0) from /Library/Ruby/Gems/2.0.0/specifications/pathutil-0.14.0.gemspec
I, [2017-01-28T22:32:24.069289 #45566]  INFO -- : 0:  rouge (1.11.1) from /Library/Ruby/Gems/2.0.0/specifications/rouge-1.11.1.gemspec
I, [2017-01-28T22:32:24.069641 #45566]  INFO -- : 0:  safe_yaml (1.0.4) from /Library/Ruby/Gems/2.0.0/specifications/safe_yaml-1.0.4.gemspec
I, [2017-01-28T22:32:24.070010 #45566]  INFO -- : 0:  jekyll (3.3.1) from /Library/Ruby/Gems/2.0.0/specifications/jekyll-3.3.1.gemspec
I, [2017-01-28T22:32:24.070247 #45566]  INFO -- : 0:  jekyll-avatar (0.4.2) from /Library/Ruby/Gems/2.0.0/specifications/jekyll-avatar-0.4.2.gemspec
I, [2017-01-28T22:32:24.070462 #45566]  INFO -- : 0:  jekyll-coffeescript (1.0.1) from /Library/Ruby/Gems/2.0.0/specifications/jekyll-coffeescript-1.0.1.gemspec
I, [2017-01-28T22:32:24.070659 #45566]  INFO -- : 0:  jekyll-default-layout (0.1.4) from /Library/Ruby/Gems/2.0.0/specifications/jekyll-default-layout-0.1.4.gemspec
I, [2017-01-28T22:32:24.070855 #45566]  INFO -- : 0:  jekyll-feed (0.8.0) from /Library/Ruby/Gems/2.0.0/specifications/jekyll-feed-0.8.0.gemspec
I, [2017-01-28T22:32:24.071054 #45566]  INFO -- : 0:  jekyll-gist (1.4.0) from /Library/Ruby/Gems/2.0.0/specifications/jekyll-gist-1.4.0.gemspec
I, [2017-01-28T22:32:24.071262 #45566]  INFO -- : 0:  jekyll-github-metadata (2.3.1) from /Library/Ruby/Gems/2.0.0/specifications/jekyll-github-metadata-2.3.1.gemspec
I, [2017-01-28T22:32:24.071475 #45566]  INFO -- : 0:  mini_portile2 (2.1.0) from /Library/Ruby/Gems/2.0.0/specifications/mini_portile2-2.1.0.gemspec
E, [2017-01-28T22:33:29.944634 #45566] ERROR -- : Gem::Installer::ExtensionBuildError: ERROR: Failed to build gem native extension.

    /System/Library/Frameworks/Ruby.framework/Versions/2.0/usr/bin/ruby extconf.rb 
checking if the C compiler accepts ... yes
checking if the C compiler accepts -Wno-error=unused-command-line-argument-hard-error-in-future... no
Building nokogiri using packaged libraries.
Using mini_portile version 2.1.0
checking for iconv.h... yes
checking for gzdopen() in -lz... yes
checking for iconv... yes
************************************************************************
IMPORTANT NOTICE:

Building Nokogiri with a packaged version of libxml2-2.9.4.

Team Nokogiri will keep on doing their best to provide security
updates in a timely manner, but if this is a concern for you and want
to use the system library instead; abort this installation process and
reinstall nokogiri as follows:

    gem install nokogiri -- --use-system-libraries
        [--with-xml2-config=/path/to/xml2-config]
        [--with-xslt-config=/path/to/xslt-config]

If you are using Bundler, tell it to use the option:

    bundle config build.nokogiri --use-system-libraries
    bundle install

Note, however, that nokogiri is not fully compatible with arbitrary
versions of libxml2 provided by OS/package vendors.
************************************************************************
Extracting libxml2-2.9.4.tar.gz into tmp/x86_64-apple-darwin16/ports/libxml2/2.9.4... OK
Running 'configure' for libxml2 2.9.4... OK
Running 'compile' for libxml2 2.9.4... ERROR, review '/Users/stawrul/.bundler/tmp/45566/gems/nokogiri-1.6.8.1/ext/nokogiri/tmp/x86_64-apple-darwin16/ports/libxml2/2.9.4/compile.log' to see what happened. Last lines are:
========================================================================
  CCLD     libxml2.la
  CC       testdso.lo
  CCLD     testdso.la
  CC       xmllint.o
  CCLD     xmllint
ld: warning: ignoring file /usr/local/Cellar/xz/5.0.7/lib/liblzma.dylib, file was built for x86_64 which is not the architecture being linked (i386): /usr/local/Cellar/xz/5.0.7/lib/liblzma.dylib
Undefined symbols for architecture i386:
  "_lzma_auto_decoder", referenced from:
      _xz_head in libxml2.a(xzlib.o)
  "_lzma_code", referenced from:
      _xz_decomp in libxml2.a(xzlib.o)
  "_lzma_end", referenced from:
      ___libxml2_xzclose in libxml2.a(xzlib.o)
  "_lzma_properties_decode", referenced from:
      _is_format_lzma in libxml2.a(xzlib.o)
ld: symbol(s) not found for architecture i386
clang: error: linker command failed with exit code 1 (use -v to see invocation)
make[2]: *** [xmllint] Error 1
make[1]: *** [all-recursive] Error 1
make: *** [all] Error 2
========================================================================
*** extconf.rb failed ***
Could not create Makefile due to some reason, probably lack of necessary
libraries and/or headers.  Check the mkmf.log file for more details.  You may
need configuration options.

Provided configuration options:
	--with-opt-dir
	--without-opt-dir
	--with-opt-include
	--without-opt-include=${opt-dir}/include
	--with-opt-lib
	--without-opt-lib=${opt-dir}/lib
	--with-make-prog
	--without-make-prog
	--srcdir=.
	--curdir
	--ruby=/System/Library/Frameworks/Ruby.framework/Versions/2.0/usr/bin/ruby
	--help
	--clean
	--use-system-libraries
	--enable-static
	--disable-static
	--with-zlib-dir
	--without-zlib-dir
	--with-zlib-include
	--without-zlib-include=${zlib-dir}/include
	--with-zlib-lib
	--without-zlib-lib=${zlib-dir}/lib
	--enable-cross-build
	--disable-cross-build
/Library/Ruby/Gems/2.0.0/gems/mini_portile2-2.1.0/lib/mini_portile2/mini_portile.rb:366:in `block in execute': Failed to complete compile task (RuntimeError)
	from /Library/Ruby/Gems/2.0.0/gems/mini_portile2-2.1.0/lib/mini_portile2/mini_portile.rb:337:in `chdir'
	from /Library/Ruby/Gems/2.0.0/gems/mini_portile2-2.1.0/lib/mini_portile2/mini_portile.rb:337:in `execute'
	from /Library/Ruby/Gems/2.0.0/gems/mini_portile2-2.1.0/lib/mini_portile2/mini_portile.rb:111:in `compile'
	from /Library/Ruby/Gems/2.0.0/gems/mini_portile2-2.1.0/lib/mini_portile2/mini_portile.rb:150:in `cook'
	from extconf.rb:365:in `block (2 levels) in process_recipe'
	from extconf.rb:258:in `block in chdir_for_build'
	from extconf.rb:257:in `chdir'
	from extconf.rb:257:in `chdir_for_build'
	from extconf.rb:364:in `block in process_recipe'
	from extconf.rb:263:in `tap'
	from extconf.rb:263:in `process_recipe'
	from extconf.rb:556:in `<main>'


Gem files will remain installed in /Users/stawrul/.bundler/tmp/45566/gems/nokogiri-1.6.8.1 for inspection.
Results logged to /Users/stawrul/.bundler/tmp/45566/gems/nokogiri-1.6.8.1/ext/nokogiri/gem_make.out

/System/Library/Frameworks/Ruby.framework/Versions/2.0/usr/lib/ruby/2.0.0/rubygems/ext/builder.rb:62:in `run'  \n/System/Library/Frameworks/Ruby.framework/Versions/2.0/usr/lib/ruby/2.0.0/rubygems/ext/ext_conf_builder.rb:39:in `block in build'  \n/System/Library/Frameworks/Ruby.framework/Versions/2.0/usr/lib/ruby/2.0.0/tempfile.rb:324:in `open'  \n/System/Library/Frameworks/Ruby.framework/Versions/2.0/usr/lib/ruby/2.0.0/rubygems/ext/ext_conf_builder.rb:19:in `build'  \n/System/Library/Frameworks/Ruby.framework/Versions/2.0/usr/lib/ruby/2.0.0/rubygems/installer.rb:689:in `block (3 levels) in build_extensions'  \n/System/Library/Frameworks/Ruby.framework/Versions/2.0/usr/lib/ruby/2.0.0/rubygems/installer.rb:688:in `chdir'  \n/System/Library/Frameworks/Ruby.framework/Versions/2.0/usr/lib/ruby/2.0.0/rubygems/installer.rb:688:in `block (2 levels) in build_extensions'  \n/System/Library/Frameworks/Ruby.framework/Versions/2.0/usr/lib/ruby/2.0.0/rubygems/installer.rb:687:in `synchronize'  \n/System/Library/Frameworks/Ruby.framework/Versions/2.0/usr/lib/ruby/2.0.0/rubygems/installer.rb:687:in `block in build_extensions'  \n/System/Library/Frameworks/Ruby.framework/Versions/2.0/usr/lib/ruby/2.0.0/rubygems/installer.rb:662:in `each'  \n/System/Library/Frameworks/Ruby.framework/Versions/2.0/usr/lib/ruby/2.0.0/rubygems/installer.rb:662:in `build_extensions'  \n/System/Library/Frameworks/Ruby.framework/Versions/2.0/usr/lib/ruby/2.0.0/rubygems/installer.rb:227:in `install'  \n/Library/Ruby/Gems/2.0.0/gems/bundler-1.5.1/lib/bundler/source/rubygems.rb:101:in `block in install'  \n/Library/Ruby/Gems/2.0.0/gems/bundler-1.5.1/lib/bundler/rubygems_integration.rb:118:in `preserve_paths'  \n/Library/Ruby/Gems/2.0.0/gems/bundler-1.5.1/lib/bundler/source/rubygems.rb:94:in `install'  \n/Library/Ruby/Gems/2.0.0/gems/bundler-1.5.1/lib/bundler/installer.rb:111:in `block in install_gem_from_spec'  \n/Library/Ruby/Gems/2.0.0/gems/bundler-1.5.1/lib/bundler/rubygems_integration.rb:150:in `with_build_args'  \n/Library/Ruby/Gems/2.0.0/gems/bundler-1.5.1/lib/bundler/installer.rb:110:in `install_gem_from_spec'  \n/Library/Ruby/Gems/2.0.0/gems/bundler-1.5.1/lib/bundler/installer.rb:295:in `block in install_sequentially'  \n/System/Library/Frameworks/Ruby.framework/Versions/2.0/usr/lib/ruby/2.0.0/forwardable.rb:171:in `each'  \n/System/Library/Frameworks/Ruby.framework/Versions/2.0/usr/lib/ruby/2.0.0/forwardable.rb:171:in `each'  \n/Library/Ruby/Gems/2.0.0/gems/bundler-1.5.1/lib/bundler/installer.rb:294:in `install_sequentially'  \n/Library/Ruby/Gems/2.0.0/gems/bundler-1.5.1/lib/bundler/installer.rb:97:in `run'  \n/Library/Ruby/Gems/2.0.0/gems/bundler-1.5.1/lib/bundler/installer.rb:15:in `install'  \n/Library/Ruby/Gems/2.0.0/gems/bundler-1.5.1/lib/bundler/cli.rb:257:in `install'  \n/Library/Ruby/Gems/2.0.0/gems/bundler-1.5.1/lib/bundler/vendor/thor/command.rb:27:in `run'  \n/Library/Ruby/Gems/2.0.0/gems/bundler-1.5.1/lib/bundler/vendor/thor/invocation.rb:120:in `invoke_command'  \n/Library/Ruby/Gems/2.0.0/gems/bundler-1.5.1/lib/bundler/vendor/thor.rb:363:in `dispatch'  \n/Library/Ruby/Gems/2.0.0/gems/bundler-1.5.1/lib/bundler/vendor/thor/base.rb:438:in `start'  \n/Library/Ruby/Gems/2.0.0/gems/bundler-1.5.1/lib/bundler/cli.rb:10:in `start'  \n/Library/Ruby/Gems/2.0.0/gems/bundler-1.5.1/bin/bundle:22:in `block in <top (required)>'  \n/Library/Ruby/Gems/2.0.0/gems/bundler-1.5.1/lib/bundler/friendly_errors.rb:5:in `with_friendly_errors'  \n/Library/Ruby/Gems/2.0.0/gems/bundler-1.5.1/bin/bundle:22:in `<top (required)>'  \n/usr/local/bin/bundle:23:in `load'  \n/usr/local/bin/bundle:23:in `<main>'
